2017/05/24 20:36:20 にビルドを開始しました。
     1>ノード 2 上のプロジェクト "C:\Users\0133752\Documents\Visual Studio 2013\Projects\CANUSB\CANUSB\CANUSB.vcxproj" (Build ターゲット)。
     1>ClCompile:
         C:\Program Files (x86)\Microsoft Visual Studio 12.0\VC\bin\CL.exe /c /ZI /nologo /W3 /WX- /sdl /Od /Oy- /D WIN32 /D _DEBUG /D _CONSOLE /D _LIB /D _UNICODE /D UNICODE /Gm /EHsc /RTC1 /MDd /GS /fp:precise /Zc:wchar_t /Zc:forScope /Fo"Debug\\" /Fd"Debug\vc120.pdb" /Gd /TP /analyze- /errorReport:prompt main.cpp
         main.cpp
     1>c:\users\0133752\documents\visual studio 2013\projects\canusb\canusb\main.cpp(125): warning C4018: '<' : signed と unsigned の数値を比較しようとしました。
       Link:
         C:\Program Files (x86)\Microsoft Visual Studio 12.0\VC\bin\link.exe /ERRORREPORT:PROMPT /OUT:"C:\Users\0133752\Documents\Visual Studio 2013\Projects\CANUSB\Debug\CANUSB.exe" /INCREMENTAL /NOLOGO kernel32.lib user32.lib gdi32.lib winspool.lib comdlg32.lib advapi32.lib shell32.lib ole32.lib oleaut32.lib uuid.lib odbc32.lib odbccp32.lib /MANIFEST /MANIFESTUAC:"level='asInvoker' uiAccess='false'" /manifest:embed /DEBUG /PDB:"C:\Users\0133752\Documents\Visual Studio 2013\Projects\CANUSB\Debug\CANUSB.pdb" /SUBSYSTEM:CONSOLE /TLBID:1 /DYNAMICBASE /NXCOMPAT /IMPLIB:"C:\Users\0133752\Documents\Visual Studio 2013\Projects\CANUSB\Debug\CANUSB.lib" /MACHINE:X86 Debug\main.obj
     1>C:\Users\0133752\Documents\Visual Studio 2013\Projects\CANUSB\CANUSB\borland_canusb.lib : warning LNK4003: ライブラリの形式が無効です。ライブラリは無視されます。
     1>C:\Users\0133752\Documents\Visual Studio 2013\Projects\CANUSB\CANUSB\borland_canusb.lib : warning LNK4003: ライブラリの形式が無効です。ライブラリは無視されます。
     1>C:\Users\0133752\Documents\Visual Studio 2013\Projects\CANUSB\CANUSB\borland_canusb.lib : warning LNK4003: ライブラリの形式が無効です。ライブラリは無視されます。
     1>main.obj : error LNK2019: 未解決の外部シンボル "public: __thiscall Data::Data(void)" (??0Data@@QAE@XZ) が関数 _main で参照されました。
     1>C:\Users\0133752\Documents\Visual Studio 2013\Projects\CANUSB\Debug\CANUSB.exe : fatal error LNK1120: 1 件の未解決の外部参照
     1>プロジェクト "C:\Users\0133752\Documents\Visual Studio 2013\Projects\CANUSB\CANUSB\CANUSB.vcxproj" (Build ターゲット) のビルドが終了しました -- 失敗。

ビルドに失敗しました。

経過時間 00:00:01.64
